SF:lib/controller/page_state_notifier.dart
DA:11,1
DA:12,1
DA:23,1
DA:24,7
DA:27,1
DA:30,2
DA:32,2
DA:33,0
DA:34,1
DA:35,5
DA:37,3
DA:38,2
DA:39,0
DA:41,1
DA:42,6
DA:45,0
DA:46,0
DA:47,0
DA:48,0
DA:50,0
DA:51,0
DA:52,0
DA:53,0
DA:55,0
DA:56,0
DA:57,0
DA:58,0
DA:61,0
DA:62,0
DA:63,0
DA:64,0
DA:69,1
DA:70,2
DA:71,1
DA:75,1
DA:77,1
DA:78,4
DA:79,1
DA:81,0
DA:85,0
DA:86,0
DA:89,0
DA:92,0
DA:94,0
DA:95,0
DA:96,0
DA:98,0
DA:100,0
LF:48
LH:20
end_of_record
SF:lib/home/home_providers.dart
DA:8,2
DA:9,1
DA:10,0
DA:11,0
DA:13,0
DA:15,2
DA:16,1
DA:17,0
DA:18,0
DA:20,0
DA:22,2
DA:23,1
DA:24,0
DA:25,0
DA:27,0
DA:29,2
DA:30,1
DA:31,0
DA:32,0
DA:34,0
DA:37,4
DA:38,4
LF:22
LH:10
end_of_record
SF:lib/home/home_screen.dart
DA:13,4
DA:16,1
DA:18,1
DA:19,1
DA:26,1
DA:28,2
DA:29,1
DA:33,1
DA:34,3
DA:35,8
DA:36,1
DA:37,4
DA:41,1
DA:43,1
DA:44,4
DA:45,1
DA:46,3
DA:47,1
DA:48,1
DA:49,1
DA:50,1
DA:51,1
DA:52,1
DA:53,1
DA:54,1
DA:57,3
DA:61,1
DA:63,1
DA:67,1
DA:68,1
DA:74,0
DA:77,1
DA:78,1
DA:80,1
DA:81,1
DA:83,1
DA:84,1
DA:103,1
DA:104,1
DA:109,1
DA:110,1
DA:115,1
DA:116,2
DA:121,1
DA:122,2
LF:45
LH:44
end_of_record
SF:lib/home/widgets/horizontal_movie_skeletal.dart
DA:4,2
DA:8,1
DA:9,1
DA:16,1
DA:18,1
DA:19,2
DA:23,2
DA:24,1
DA:25,1
DA:27,1
DA:32,1
DA:34,1
DA:40,4
DA:41,2
DA:45,2
DA:50,1
DA:52,2
DA:53,1
DA:56,1
DA:58,1
DA:59,2
DA:60,2
DA:61,2
LF:23
LH:23
end_of_record
SF:lib/home/widgets/movie_hlist.dart
DA:15,1
DA:25,1
DA:27,2
DA:28,1
DA:29,1
DA:32,3
DA:33,1
DA:34,3
DA:36,1
DA:37,0
DA:38,0
DA:39,0
DA:41,0
DA:42,1
DA:43,0
DA:44,1
DA:45,2
DA:52,1
DA:56,1
DA:58,3
DA:59,2
DA:60,2
DA:61,1
DA:62,0
DA:63,0
DA:65,1
DA:66,4
DA:67,4
DA:68,1
DA:71,2
DA:73,1
DA:74,1
DA:75,1
DA:77,1
DA:78,5
DA:80,4
DA:81,4
DA:82,1
DA:83,1
DA:84,3
DA:85,4
DA:86,4
DA:89,0
DA:114,0
DA:119,0
DA:121,0
DA:122,0
DA:123,0
DA:125,0
DA:126,0
DA:128,0
DA:130,0
DA:132,0
DA:133,0
DA:134,0
DA:135,0
DA:136,0
DA:137,0
DA:138,0
DA:140,0
DA:141,0
DA:142,0
DA:155,1
DA:157,0
DA:159,0
DA:160,0
DA:161,0
DA:162,0
DA:163,0
DA:165,0
DA:167,0
DA:169,0
DA:170,0
DA:177,1
DA:179,0
DA:181,0
DA:182,0
DA:183,0
DA:185,0
DA:186,0
DA:188,0
DA:190,0
DA:192,0
DA:193,0
DA:195,0
DA:196,0
DA:197,0
DA:198,0
LF:88
LH:37
end_of_record
SF:lib/home/widgets/movie_hlist_skeleton.dart
DA:7,3
DA:9,1
DA:11,2
DA:12,2
DA:13,1
DA:17,2
DA:18,4
DA:19,4
DA:20,2
DA:21,1
DA:22,1
DA:25,1
DA:26,1
DA:27,4
DA:28,4
LF:15
LH:15
end_of_record
SF:lib/home/widgets/random_movie.dart
DA:11,1
DA:13,1
DA:15,2
DA:16,1
DA:17,1
DA:18,1
DA:20,1
DA:22,4
DA:23,4
DA:25,1
DA:26,1
DA:27,1
DA:29,1
DA:30,4
DA:31,4
DA:36,1
DA:37,4
DA:38,1
DA:40,1
DA:42,4
DA:43,4
DA:46,1
DA:47,1
DA:48,1
DA:49,1
DA:51,1
DA:52,4
DA:53,1
DA:55,1
DA:57,1
DA:58,1
DA:59,0
DA:60,4
DA:61,1
DA:65,1
DA:67,1
DA:69,4
DA:73,1
DA:74,1
DA:75,0
DA:76,4
DA:77,1
DA:81,1
DA:83,1
DA:85,5
DA:94,0
LF:46
LH:43
end_of_record
SF:lib/home/widgets/trend_hlist.dart
DA:14,1
DA:20,1
DA:22,1
DA:25,1
DA:26,1
DA:28,6
DA:31,1
DA:32,4
DA:33,1
DA:34,1
DA:35,2
DA:36,0
DA:37,0
DA:38,0
DA:39,0
DA:40,0
DA:43,2
DA:45,1
DA:46,1
DA:48,0
DA:50,1
DA:51,0
DA:53,0
DA:55,1
DA:56,0
DA:58,0
DA:60,3
DA:61,1
DA:63,1
LF:29
LH:19
end_of_record
SF:lib/main.dart
DA:6,0
DA:7,0
DA:11,2
DA:14,1
DA:16,1
DA:17,1
DA:19,1
DA:20,1
DA:27,1
DA:29,1
DA:32,1
DA:33,1
DA:34,1
DA:35,1
DA:36,1
LF:15
LH:13
end_of_record
SF:lib/models/movie/movie.dart
DA:22,2
LF:1
LH:1
end_of_record
SF:lib/models/movie/movie.g.dart
DA:9,2
DA:10,1
DA:11,1
DA:12,1
DA:13,1
DA:14,1
DA:15,2
DA:16,1
DA:19,0
DA:20,0
DA:21,0
DA:22,0
DA:23,0
DA:24,0
DA:25,0
DA:26,0
DA:29,1
DA:33,1
LF:18
LH:10
end_of_record
SF:lib/screens/base_screen.dart
DA:6,1
DA:9,1
DA:11,1
DA:12,1
DA:13,2
DA:17,1
DA:25,1
DA:26,0
DA:29,1
DA:33,1
DA:34,3
DA:35,1
DA:38,0
DA:41,0
DA:44,0
DA:50,0
DA:52,0
DA:53,0
DA:55,0
DA:56,0
DA:58,0
DA:59,0
DA:61,0
DA:62,0
LF:24
LH:11
end_of_record
SF:lib/home/services/home_service.dart
DA:15,0
DA:16,0
DA:23,0
DA:24,0
DA:25,0
DA:28,0
DA:32,0
DA:34,0
DA:41,0
DA:42,0
DA:43,0
DA:44,0
DA:45,0
DA:50,0
DA:53,0
DA:55,0
DA:60,0
DA:61,0
DA:62,0
DA:63,0
DA:64,0
DA:68,0
DA:71,0
DA:72,0
DA:73,0
DA:78,0
DA:79,0
DA:80,0
DA:81,0
DA:82,0
LF:30
LH:0
end_of_record
SF:lib/models/api_response.dart
DA:17,0
LF:1
LH:0
end_of_record
SF:lib/models/api_response.g.dart
DA:9,0
DA:13,0
DA:14,0
DA:15,0
DA:18,0
DA:22,0
DA:23,0
DA:24,0
DA:27,0
DA:31,0
DA:32,0
DA:33,0
DA:34,0
DA:35,0
DA:38,0
DA:42,0
DA:43,0
DA:44,0
DA:45,0
DA:46,0
DA:49,0
DA:53,0
DA:54,0
DA:55,0
DA:56,0
DA:57,0
DA:60,0
DA:64,0
DA:65,0
DA:66,0
DA:67,0
DA:68,0
DA:71,0
DA:75,0
DA:76,0
DA:77,0
DA:78,0
DA:79,0
DA:82,0
DA:86,0
DA:87,0
DA:88,0
DA:89,0
DA:90,0
LF:44
LH:0
end_of_record
SF:lib/models/base_list_result.dart
DA:20,2
LF:1
LH:1
end_of_record
SF:lib/models/base_list_result.g.dart
DA:9,1
DA:13,1
DA:14,1
DA:15,2
DA:16,3
DA:19,0
DA:23,0
DA:24,0
DA:25,0
DA:26,0
LF:10
LH:5
end_of_record
SF:lib/home/widgets/now_playing_hlist.dart
DA:12,1
DA:17,1
DA:19,1
DA:20,1
DA:23,1
DA:24,1
DA:26,6
DA:29,1
DA:30,4
DA:31,1
DA:32,1
DA:33,1
DA:34,2
DA:35,0
DA:36,0
DA:37,0
DA:38,0
DA:39,0
DA:42,2
DA:44,1
DA:45,1
DA:47,0
DA:49,1
DA:50,0
DA:52,0
DA:54,1
DA:55,0
DA:57,0
DA:59,3
DA:60,1
DA:62,1
LF:31
LH:21
end_of_record
SF:lib/home/widgets/top_rated_hlist.dart
DA:12,1
DA:17,1
DA:19,1
DA:22,1
DA:23,1
DA:25,6
DA:28,1
DA:29,4
DA:30,1
DA:31,1
DA:32,2
DA:33,0
DA:34,0
DA:35,0
DA:36,0
DA:37,0
DA:40,2
DA:42,1
DA:43,1
DA:45,0
DA:47,1
DA:48,0
DA:50,0
DA:52,1
DA:53,0
DA:55,0
DA:57,3
DA:58,1
DA:60,1
LF:29
LH:19
end_of_record
SF:lib/network_interceptors/authorization_interceptor.dart
DA:6,0
DA:8,0
DA:9,0
DA:13,0
DA:14,0
LF:5
LH:0
end_of_record
SF:lib/network_interceptors/logger_interceptor.dart
DA:6,0
DA:8,0
DA:9,0
DA:10,0
DA:11,0
DA:14,0
DA:16,0
DA:17,0
DA:18,0
DA:19,0
DA:20,0
DA:21,0
DA:24,0
DA:26,0
DA:27,0
DA:28,0
DA:29,0
DA:30,0
LF:18
LH:0
end_of_record
SF:lib/providers/core_providers.dart
DA:7,0
DA:8,0
DA:9,0
DA:14,2
DA:15,5
DA:16,2
DA:17,2
DA:18,0
LF:8
LH:4
end_of_record
SF:lib/router.dart
DA:10,3
DA:11,2
DA:12,1
DA:14,3
DA:15,1
DA:18,1
DA:19,1
DA:20,1
DA:21,1
DA:22,1
DA:24,1
DA:25,1
DA:27,1
DA:30,1
DA:31,1
DA:33,0
DA:34,0
DA:35,0
DA:36,0
DA:41,1
DA:43,0
DA:47,1
DA:49,0
DA:53,1
DA:55,0
LF:25
LH:18
end_of_record
SF:lib/theme.dart
DA:3,2
DA:4,4
DA:5,4
DA:6,4
DA:7,4
DA:8,4
DA:9,4
DA:10,4
DA:11,4
DA:12,4
DA:13,4
DA:14,4
DA:15,4
DA:16,4
DA:17,4
DA:18,4
LF:16
LH:16
end_of_record
SF:lib/models/movie/author.dart
DA:13,0
LF:1
LH:0
end_of_record
SF:lib/models/movie/author.g.dart
DA:9,0
DA:10,0
DA:11,0
DA:14,0
DA:15,0
DA:16,0
DA:17,0
LF:7
LH:0
end_of_record
SF:lib/models/movie/converter/release_date_converter.dart
DA:5,3
DA:7,1
DA:9,2
DA:10,1
DA:15,0
DA:17,0
LF:6
LH:4
end_of_record
SF:lib/models/movie/genre.dart
DA:12,0
LF:1
LH:0
end_of_record
SF:lib/models/movie/genre.g.dart
DA:9,0
DA:10,0
DA:11,0
DA:14,0
DA:15,0
DA:16,0
DA:17,0
LF:7
LH:0
end_of_record
SF:lib/models/movie/movie_detail.dart
DA:21,0
LF:1
LH:0
end_of_record
SF:lib/models/movie/movie_detail.g.dart
DA:9,0
DA:10,0
DA:11,0
DA:12,0
DA:13,0
DA:14,0
DA:15,0
DA:17,0
DA:18,0
DA:19,0
DA:23,0
DA:24,0
DA:25,0
DA:26,0
DA:27,0
DA:28,0
LF:16
LH:0
end_of_record
SF:lib/models/movie/production.dart
DA:13,0
LF:1
LH:0
end_of_record
SF:lib/models/movie/production.g.dart
DA:9,0
DA:10,0
DA:11,0
DA:12,0
DA:15,0
DA:16,0
DA:17,0
DA:18,0
LF:8
LH:0
end_of_record
SF:lib/models/movie/review.dart
DA:18,0
LF:1
LH:0
end_of_record
SF:lib/models/movie/review.g.dart
DA:9,0
DA:10,0
DA:11,0
DA:13,0
DA:14,0
DA:15,0
DA:16,0
DA:18,0
DA:21,0
DA:22,0
DA:23,0
DA:24,0
DA:25,0
DA:26,0
DA:27,0
LF:15
LH:0
end_of_record
SF:lib/movie_details/controller/movie_detail_state_notifier.dart
DA:11,0
DA:12,0
DA:18,0
DA:19,0
DA:22,0
DA:23,0
DA:24,0
DA:27,0
DA:28,0
DA:32,0
DA:34,0
DA:35,0
DA:37,0
DA:39,0
DA:43,0
DA:44,0
DA:45,0
DA:46,0
DA:48,0
DA:49,0
DA:50,0
DA:51,0
DA:52,0
DA:54,0
DA:55,0
DA:56,0
DA:57,0
DA:59,0
LF:28
LH:0
end_of_record
SF:lib/movie_details/services/movie_details_service.dart
DA:16,0
DA:17,0
DA:24,0
DA:25,0
DA:26,0
DA:29,0
DA:32,0
DA:33,0
DA:34,0
DA:38,0
DA:39,0
DA:40,0
DA:41,0
DA:42,0
DA:46,0
DA:49,0
DA:50,0
DA:51,0
DA:56,0
DA:57,0
DA:58,0
DA:60,0
DA:61,0
DA:62,0
DA:66,0
DA:69,0
DA:70,0
DA:71,0
DA:76,0
DA:77,0
DA:78,0
DA:80,0
DA:81,0
DA:82,0
LF:34
LH:0
end_of_record
SF:lib/movie_details/movie_detail_providers.dart
DA:11,0
DA:14,0
DA:16,0
DA:17,0
DA:18,0
DA:19,0
DA:20,0
DA:22,0
DA:23,0
DA:24,0
DA:25,0
DA:27,0
DA:28,0
DA:31,0
LF:14
LH:0
end_of_record
SF:lib/movie_details/movie_detail_screen.dart
DA:14,0
DA:19,0
DA:21,0
DA:22,0
DA:24,0
DA:26,0
DA:28,0
DA:30,0
DA:31,0
DA:32,0
DA:33,0
DA:34,0
DA:35,0
DA:36,0
DA:37,0
DA:38,0
DA:39,0
DA:50,0
DA:52,0
DA:55,0
DA:56,0
DA:57,0
DA:58,0
DA:81,0
DA:82,0
DA:83,0
DA:84,0
DA:93,0
DA:101,0
DA:102,0
DA:103,0
DA:104,0
DA:105,0
DA:108,0
DA:111,0
DA:113,0
DA:114,0
DA:115,0
LF:38
LH:0
end_of_record
SF:lib/movie_details/widgets/movie_detail.dart
DA:13,0
DA:17,0
DA:19,0
DA:20,0
DA:24,0
DA:25,0
DA:26,0
DA:28,0
DA:29,0
DA:30,0
DA:32,0
DA:33,0
DA:36,0
DA:37,0
DA:38,0
DA:39,0
DA:41,0
DA:42,0
DA:47,0
DA:48,0
DA:49,0
DA:50,0
DA:51,0
DA:53,0
DA:55,0
DA:57,0
DA:58,0
DA:59,0
DA:60,0
DA:61,0
DA:62,0
DA:63,0
DA:64,0
DA:65,0
DA:66,0
DA:67,0
DA:70,0
DA:71,0
DA:72,0
DA:73,0
DA:74,0
DA:82,0
DA:86,0
DA:88,0
DA:89,0
DA:90,0
DA:91,0
DA:92,0
DA:96,0
DA:97,0
DA:103,0
DA:104,0
DA:105,0
DA:113,0
DA:116,0
DA:117,0
DA:119,0
DA:120,0
DA:121,0
DA:122,0
DA:123,0
DA:124,0
DA:125,0
DA:126,0
DA:132,0
DA:135,0
DA:136,0
DA:139,0
DA:140,0
DA:141,0
DA:142,0
DA:143,0
DA:144,0
DA:146,0
DA:147,0
DA:153,0
DA:161,0
DA:162,0
DA:163,0
DA:171,0
DA:173,0
DA:174,0
DA:176,0
DA:181,0
DA:182,0
DA:183,0
DA:189,0
DA:190,0
DA:191,0
DA:192,0
DA:193,0
DA:197,0
LF:92
LH:0
end_of_record
SF:lib/movie_details/widgets/recommend_glist.dart
DA:10,0
DA:13,0
DA:14,0
DA:28,0
DA:30,0
DA:31,0
DA:32,0
DA:33,0
DA:34,0
DA:37,0
DA:47,0
DA:54,0
DA:55,0
DA:56,0
DA:57,0
DA:58,0
DA:59,0
DA:60,0
DA:62,0
DA:64,0
DA:65,0
DA:67,0
DA:68,0
DA:75,0
DA:76,0
DA:77,0
DA:78,0
DA:79,0
DA:85,0
DA:86,0
DA:92,0
LF:31
LH:0
end_of_record
SF:lib/movie_details/widgets/review_vlist.dart
DA:12,0
DA:15,0
DA:16,0
DA:21,0
DA:23,0
DA:24,0
DA:25,0
DA:26,0
DA:27,0
DA:29,0
DA:39,0
DA:40,0
DA:41,0
DA:42,0
DA:43,0
DA:44,0
DA:45,0
DA:46,0
DA:47,0
DA:48,0
DA:52,0
DA:53,0
DA:54,0
DA:55,0
DA:61,0
DA:66,0
DA:71,0
DA:73,0
DA:74,0
DA:75,0
DA:76,0
DA:77,0
DA:78,0
DA:79,0
DA:80,0
DA:81,0
DA:83,0
DA:84,0
DA:86,0
DA:94,0
DA:97,0
DA:99,0
DA:100,0
DA:101,0
DA:108,0
DA:112,0
DA:114,0
DA:116,0
DA:123,0
DA:124,0
DA:125,0
DA:128,0
DA:129,0
DA:131,0
DA:133,0
DA:134,0
DA:140,0
DA:141,0
DA:142,0
DA:143,0
DA:144,0
DA:146,0
DA:149,0
DA:152,0
DA:160,0
DA:162,0
DA:163,0
DA:164,0
DA:165,0
DA:166,0
DA:167,0
DA:168,0
DA:171,0
DA:172,0
DA:174,0
DA:175,0
DA:176,0
DA:177,0
DA:178,0
DA:185,0
DA:186,0
DA:187,0
DA:188,0
DA:189,0
DA:190,0
DA:198,0
DA:203,0
DA:205,0
DA:209,0
DA:210,0
DA:212,0
DA:213,0
DA:214,0
DA:215,0
DA:216,0
DA:217,0
DA:218,0
DA:220,0
DA:221,0
DA:222,0
DA:235,1
DA:237,0
DA:239,0
DA:243,0
DA:245,0
DA:247,0
DA:248,0
DA:250,0
DA:251,0
DA:252,0
DA:253,0
LF:111
LH:1
end_of_record
SF:lib/screens/test_screen.dart
DA:4,1
DA:7,0
DA:9,0
DA:10,0
DA:11,0
LF:5
LH:1
end_of_record
